2021-07-08 00:37:27,130 INFO i.q.Main [main] Payslip Generator Starting
2021-07-08 00:37:27,177 INFO i.q.Main [main] Payslip Generator Finished
2021-07-08 00:40:09,136 INFO i.q.Main [main] Payslip Generator Starting
2021-07-08 00:40:09,197 INFO i.q.Main [main] HTML(s) of payslip(s) successfully generated
2021-07-08 00:40:09,202 INFO i.q.Main [main] Payslip Generator Finished
2021-07-08 00:40:58,905 INFO i.q.Main [main] Payslip Generator Starting
2021-07-08 00:40:58,957 INFO i.q.Main [main] HTML(s) of payslip(s) successfully generated
2021-07-08 00:40:58,962 INFO i.q.Main [main] Payslip Generator Finished
2021-07-08 00:46:19,390 INFO i.q.Main [main] Payslip Generator Starting
2021-07-08 00:46:19,397 INFO i.q.c.GeneralConfig [main] GeneralConfig successfully loaded
2021-07-08 00:46:19,440 INFO i.q.Main [main] HTML(s) of payslip(s) successfully generated
2021-07-08 00:46:19,445 INFO i.q.Main [main] Payslip Generator Finished
2021-07-08 00:52:26,884 INFO i.q.Main [main] Payslip Generator Starting
2021-07-08 00:52:26,891 INFO i.q.c.GeneralConfig [main] GeneralConfig successfully loaded
2021-07-08 00:52:26,892 INFO i.q.c.TaxConfig [main] TaxConfig successfully loaded
2021-07-08 00:52:26,904 DEBUG i.q.PayslipCalculator [main] Total of 1 payslip(s) info to be calculated
2021-07-08 00:52:26,911 INFO i.q.PayslipCalculator [main] Payslip info of employee with Id 123456 was successfully calculated
2021-07-08 00:52:26,934 INFO i.q.Main [main] HTML(s) of payslip(s) successfully generated
2021-07-08 00:52:26,938 INFO i.q.PayslipHistoryDAO [main] Payslip successfully updated: Payslip{companyInfo=CompanyInfo{name='My Company', address='Address of company 7', phone='99123456', employees=[Employee{id='123456', socialInsuranceId='131517', fullName='Random Name', grossSalary=1700.0, dateStarted=2020-07-06}]}, employee=Employee{id='123456', socialInsuranceId='131517', fullName='Random Name', grossSalary=1700.0, dateStarted=2020-07-06}, employeeDeductionsInfo=DeductionsInfo{socialInsuranceForMonth=141.1, socialInsuranceYearToDate=564.4, cohesionFundForMonth=0.0, cohesionFundYearToDate=0.0, incomeTaxForMonth=2.75, incomeTaxYearToDate=11.0, redundancyFundForMonth=0.0, redundancyFundYearToDate=0.0, industrialTrainingForMonth=0.0, industrialTrainingYearToDate=0.0, nhsForMonth=45.05, nhsYearToDate=180.2, monthlyNonTaxableAmount=186.15, totalDeductionsForMonth=188.9, totalDeductionsYearToDate=755.6}, employerDeductionsInfo=DeductionsInfo{socialInsuranceForMonth=141.1, socialInsuranceYearToDate=564.4, cohesionFundForMonth=34.0, cohesionFundYearToDate=136.0, incomeTaxForMonth=0.0, incomeTaxYearToDate=0.0, redundancyFundForMonth=20.4, redundancyFundYearToDate=81.6, industrialTrainingForMonth=8.5, industrialTrainingYearToDate=34.0, nhsForMonth=49.3, nhsYearToDate=197.2, monthlyNonTaxableAmount=190.4, totalDeductionsForMonth=253.3, totalDeductionsYearToDate=1013.2}}
2021-07-08 00:52:26,939 INFO i.q.Main [main] Payslip Generator Finished
2021-07-08 00:54:42,700 INFO i.q.Main [main] Payslip Generator Starting
2021-07-08 00:54:42,702 INFO i.q.c.AppConfig [main] AppConfig successfully loaded
2021-07-08 00:54:42,706 INFO i.q.c.GeneralConfig [main] GeneralConfig successfully loaded
2021-07-08 00:54:42,707 INFO i.q.c.TaxConfig [main] TaxConfig successfully loaded
2021-07-08 00:54:42,718 DEBUG i.q.PayslipCalculator [main] Total of 1 payslip(s) info to be calculated
2021-07-08 00:54:42,725 INFO i.q.PayslipCalculator [main] Payslip info of employee with Id 123456 was successfully calculated
2021-07-08 00:54:42,745 INFO i.q.Main [main] HTML(s) of payslip(s) successfully generated
2021-07-08 00:54:42,750 INFO i.q.PayslipHistoryDAO [main] Payslip successfully updated: Payslip{companyInfo=CompanyInfo{name='My Company', address='Address of company 7', phone='99123456', employees=[Employee{id='123456', socialInsuranceId='131517', fullName='Random Name', grossSalary=1700.0, dateStarted=2020-07-06}]}, employee=Employee{id='123456', socialInsuranceId='131517', fullName='Random Name', grossSalary=1700.0, dateStarted=2020-07-06}, employeeDeductionsInfo=DeductionsInfo{socialInsuranceForMonth=141.1, socialInsuranceYearToDate=564.4, cohesionFundForMonth=0.0, cohesionFundYearToDate=0.0, incomeTaxForMonth=2.75, incomeTaxYearToDate=11.0, redundancyFundForMonth=0.0, redundancyFundYearToDate=0.0, industrialTrainingForMonth=0.0, industrialTrainingYearToDate=0.0, nhsForMonth=45.05, nhsYearToDate=180.2, monthlyNonTaxableAmount=186.15, totalDeductionsForMonth=188.9, totalDeductionsYearToDate=755.6}, employerDeductionsInfo=DeductionsInfo{socialInsuranceForMonth=141.1, socialInsuranceYearToDate=564.4, cohesionFundForMonth=34.0, cohesionFundYearToDate=136.0, incomeTaxForMonth=0.0, incomeTaxYearToDate=0.0, redundancyFundForMonth=20.4, redundancyFundYearToDate=81.6, industrialTrainingForMonth=8.5, industrialTrainingYearToDate=34.0, nhsForMonth=49.3, nhsYearToDate=197.2, monthlyNonTaxableAmount=190.4, totalDeductionsForMonth=253.3, totalDeductionsYearToDate=1013.2}}
2021-07-08 00:54:42,751 INFO i.q.Main [main] Payslip Generator Finished
